

Started GET "/" for 127.0.0.1 at 2016-01-19 19:28:02 -0500
Processing by Rails::WelcomeController#index as HTML
  Rendered /home/sonomar/.rbenv/versions/2.2.1/lib/ruby/gems/2.2.0/gems/railties-4.2.4/lib/rails/templates/rails/welcome/index.html.erb (1.9ms)
Completed 200 OK in 50ms (Views: 26.3ms | ActiveRecord: 0.0ms)


Started GET "/" for 127.0.0.1 at 2016-01-19 19:46:23 -0500

ActionController::RoutingError (uninitialized constant HomeController):
  activesupport (4.2.4) lib/active_support/inflector/methods.rb:261:in `const_get'
  activesupport (4.2.4) lib/active_support/inflector/methods.rb:261:in `block in constantize'
  activesupport (4.2.4) lib/active_support/inflector/methods.rb:259:in `each'
  activesupport (4.2.4) lib/active_support/inflector/methods.rb:259:in `inject'
  activesupport (4.2.4) lib/active_support/inflector/methods.rb:259:in `constantize'
  actionpack (4.2.4) lib/action_dispatch/routing/route_set.rb:72:in `controller_reference'
  actionpack (4.2.4) lib/action_dispatch/routing/route_set.rb:62:in `controller'
  actionpack (4.2.4) lib/action_dispatch/routing/route_set.rb:41:in `serve'
  actionpack (4.2.4) lib/action_dispatch/journey/router.rb:43:in `block in serve'
  actionpack (4.2.4) lib/action_dispatch/journey/router.rb:30:in `each'
  actionpack (4.2.4) lib/action_dispatch/journey/router.rb:30:in `serve'
  actionpack (4.2.4) lib/action_dispatch/routing/route_set.rb:821:in `call'
  rack (1.6.4) lib/rack/etag.rb:24:in `call'
  rack (1.6.4) lib/rack/conditionalget.rb:25:in `call'
  rack (1.6.4) lib/rack/head.rb:13:in `call'
  actionpack (4.2.4) lib/action_dispatch/middleware/params_parser.rb:27:in `call'
  actionpack (4.2.4) lib/action_dispatch/middleware/flash.rb:260:in `call'
  rack (1.6.4) lib/rack/session/abstract/id.rb:225:in `context'
  rack (1.6.4) lib/rack/session/abstract/id.rb:220:in `call'
  actionpack (4.2.4) lib/action_dispatch/middleware/cookies.rb:560:in `call'
  activerecord (4.2.4) lib/active_record/query_cache.rb:36:in `call'
  activerecord (4.2.4) lib/active_record/connection_adapters/abstract/connection_pool.rb:653:in `call'
  activerecord (4.2.4) lib/active_record/migration.rb:377:in `call'
  actionpack (4.2.4) lib/action_dispatch/middleware/callbacks.rb:29:in `block in call'
  activesupport (4.2.4) lib/active_support/callbacks.rb:88:in `__run_callbacks__'
  activesupport (4.2.4) lib/active_support/callbacks.rb:778:in `_run_call_callbacks'
  activesupport (4.2.4) lib/active_support/callbacks.rb:81:in `run_callbacks'
  actionpack (4.2.4) lib/action_dispatch/middleware/callbacks.rb:27:in `call'
  actionpack (4.2.4) lib/action_dispatch/middleware/reloader.rb:73:in `call'
  actionpack (4.2.4) lib/action_dispatch/middleware/remote_ip.rb:78:in `call'
  actionpack (4.2.4) lib/action_dispatch/middleware/debug_exceptions.rb:17:in `call'
  web-console (2.2.1) lib/web_console/middleware.rb:39:in `call'
  actionpack (4.2.4) lib/action_dispatch/middleware/show_exceptions.rb:30:in `call'
  railties (4.2.4) lib/rails/rack/logger.rb:38:in `call_app'
  railties (4.2.4) lib/rails/rack/logger.rb:20:in `block in call'
  activesupport (4.2.4) lib/active_support/tagged_logging.rb:68:in `block in tagged'
  activesupport (4.2.4) lib/active_support/tagged_logging.rb:26:in `tagged'
  activesupport (4.2.4) lib/active_support/tagged_logging.rb:68:in `tagged'
  railties (4.2.4) lib/rails/rack/logger.rb:20:in `call'
  actionpack (4.2.4) lib/action_dispatch/middleware/request_id.rb:21:in `call'
  rack (1.6.4) lib/rack/methodoverride.rb:22:in `call'
  rack (1.6.4) lib/rack/runtime.rb:18:in `call'
  activesupport (4.2.4) lib/active_support/cache/strategy/local_cache_middleware.rb:28:in `call'
  rack (1.6.4) lib/rack/lock.rb:17:in `call'
  actionpack (4.2.4) lib/action_dispatch/middleware/static.rb:116:in `call'
  rack (1.6.4) lib/rack/sendfile.rb:113:in `call'
  railties (4.2.4) lib/rails/engine.rb:518:in `call'
  railties (4.2.4) lib/rails/application.rb:165:in `call'
  rack (1.6.4) lib/rack/lock.rb:17:in `call'
  rack (1.6.4) lib/rack/content_length.rb:15:in `call'
  rack (1.6.4) lib/rack/handler/webrick.rb:88:in `service'
  /home/sonomar/.rbenv/versions/2.2.1/lib/ruby/2.2.0/webrick/httpserver.rb:138:in `service'
  /home/sonomar/.rbenv/versions/2.2.1/lib/ruby/2.2.0/webrick/httpserver.rb:94:in `run'
  /home/sonomar/.rbenv/versions/2.2.1/lib/ruby/2.2.0/webrick/server.rb:294:in `block in start_thread'


  Rendered /home/sonomar/.rbenv/versions/2.2.1/lib/ruby/gems/2.2.0/gems/actionpack-4.2.4/lib/action_dispatch/middleware/templates/rescues/_trace.html.erb (2.0ms)
  Rendered /home/sonomar/.rbenv/versions/2.2.1/lib/ruby/gems/2.2.0/gems/actionpack-4.2.4/lib/action_dispatch/middleware/templates/routes/_route.html.erb (0.8ms)
  Rendered /home/sonomar/.rbenv/versions/2.2.1/lib/ruby/gems/2.2.0/gems/actionpack-4.2.4/lib/action_dispatch/middleware/templates/routes/_table.html.erb (22.9ms)
  Rendered /home/sonomar/.rbenv/versions/2.2.1/lib/ruby/gems/2.2.0/gems/actionpack-4.2.4/lib/action_dispatch/middleware/templates/rescues/_request_and_response.html.erb (11.1ms)
  Rendered /home/sonomar/.rbenv/versions/2.2.1/lib/ruby/gems/2.2.0/gems/actionpack-4.2.4/lib/action_dispatch/middleware/templates/rescues/routing_error.html.erb within rescues/layout (83.0ms)
  Rendered /home/sonomar/.rbenv/versions/2.2.1/lib/ruby/gems/2.2.0/gems/web-console-2.2.1/lib/web_console/templates/_markup.html.erb (0.5ms)
  Rendered /home/sonomar/.rbenv/versions/2.2.1/lib/ruby/gems/2.2.0/gems/web-console-2.2.1/lib/web_console/templates/_inner_console_markup.html.erb within layouts/inlined_string (0.6ms)
  Rendered /home/sonomar/.rbenv/versions/2.2.1/lib/ruby/gems/2.2.0/gems/web-console-2.2.1/lib/web_console/templates/_prompt_box_markup.html.erb within layouts/inlined_string (0.5ms)
  Rendered /home/sonomar/.rbenv/versions/2.2.1/lib/ruby/gems/2.2.0/gems/web-console-2.2.1/lib/web_console/templates/style.css.erb within layouts/inlined_string (0.3ms)
  Rendered /home/sonomar/.rbenv/versions/2.2.1/lib/ruby/gems/2.2.0/gems/web-console-2.2.1/lib/web_console/templates/console.js.erb within layouts/javascript (31.7ms)
  Rendered /home/sonomar/.rbenv/versions/2.2.1/lib/ruby/gems/2.2.0/gems/web-console-2.2.1/lib/web_console/templates/main.js.erb within layouts/javascript (0.6ms)
  Rendered /home/sonomar/.rbenv/versions/2.2.1/lib/ruby/gems/2.2.0/gems/web-console-2.2.1/lib/web_console/templates/error_page.js.erb within layouts/javascript (0.6ms)
  Rendered /home/sonomar/.rbenv/versions/2.2.1/lib/ruby/gems/2.2.0/gems/web-console-2.2.1/lib/web_console/templates/index.html.erb (67.9ms)


Started GET "/" for 127.0.0.1 at 2016-01-19 19:49:55 -0500

ActionController::RoutingError (uninitialized constant HomeController):
  activesupport (4.2.4) lib/active_support/inflector/methods.rb:261:in `const_get'
  activesupport (4.2.4) lib/active_support/inflector/methods.rb:261:in `block in constantize'
  activesupport (4.2.4) lib/active_support/inflector/methods.rb:259:in `each'
  activesupport (4.2.4) lib/active_support/inflector/methods.rb:259:in `inject'
  activesupport (4.2.4) lib/active_support/inflector/methods.rb:259:in `constantize'
  actionpack (4.2.4) lib/action_dispatch/routing/route_set.rb:72:in `controller_reference'
  actionpack (4.2.4) lib/action_dispatch/routing/route_set.rb:62:in `controller'
  actionpack (4.2.4) lib/action_dispatch/routing/route_set.rb:41:in `serve'
  actionpack (4.2.4) lib/action_dispatch/journey/router.rb:43:in `block in serve'
  actionpack (4.2.4) lib/action_dispatch/journey/router.rb:30:in `each'
  actionpack (4.2.4) lib/action_dispatch/journey/router.rb:30:in `serve'
  actionpack (4.2.4) lib/action_dispatch/routing/route_set.rb:821:in `call'
  rack (1.6.4) lib/rack/etag.rb:24:in `call'
  rack (1.6.4) lib/rack/conditionalget.rb:25:in `call'
  rack (1.6.4) lib/rack/head.rb:13:in `call'
  actionpack (4.2.4) lib/action_dispatch/middleware/params_parser.rb:27:in `call'
  actionpack (4.2.4) lib/action_dispatch/middleware/flash.rb:260:in `call'
  rack (1.6.4) lib/rack/session/abstract/id.rb:225:in `context'
  rack (1.6.4) lib/rack/session/abstract/id.rb:220:in `call'
  actionpack (4.2.4) lib/action_dispatch/middleware/cookies.rb:560:in `call'
  activerecord (4.2.4) lib/active_record/query_cache.rb:36:in `call'
  activerecord (4.2.4) lib/active_record/connection_adapters/abstract/connection_pool.rb:653:in `call'
  activerecord (4.2.4) lib/active_record/migration.rb:377:in `call'
  actionpack (4.2.4) lib/action_dispatch/middleware/callbacks.rb:29:in `block in call'
  activesupport (4.2.4) lib/active_support/callbacks.rb:88:in `__run_callbacks__'
  activesupport (4.2.4) lib/active_support/callbacks.rb:778:in `_run_call_callbacks'
  activesupport (4.2.4) lib/active_support/callbacks.rb:81:in `run_callbacks'
  actionpack (4.2.4) lib/action_dispatch/middleware/callbacks.rb:27:in `call'
  actionpack (4.2.4) lib/action_dispatch/middleware/reloader.rb:73:in `call'
  actionpack (4.2.4) lib/action_dispatch/middleware/remote_ip.rb:78:in `call'
  actionpack (4.2.4) lib/action_dispatch/middleware/debug_exceptions.rb:17:in `call'
  web-console (2.2.1) lib/web_console/middleware.rb:39:in `call'
  actionpack (4.2.4) lib/action_dispatch/middleware/show_exceptions.rb:30:in `call'
  railties (4.2.4) lib/rails/rack/logger.rb:38:in `call_app'
  railties (4.2.4) lib/rails/rack/logger.rb:20:in `block in call'
  activesupport (4.2.4) lib/active_support/tagged_logging.rb:68:in `block in tagged'
  activesupport (4.2.4) lib/active_support/tagged_logging.rb:26:in `tagged'
  activesupport (4.2.4) lib/active_support/tagged_logging.rb:68:in `tagged'
  railties (4.2.4) lib/rails/rack/logger.rb:20:in `call'
  actionpack (4.2.4) lib/action_dispatch/middleware/request_id.rb:21:in `call'
  rack (1.6.4) lib/rack/methodoverride.rb:22:in `call'
  rack (1.6.4) lib/rack/runtime.rb:18:in `call'
  activesupport (4.2.4) lib/active_support/cache/strategy/local_cache_middleware.rb:28:in `call'
  rack (1.6.4) lib/rack/lock.rb:17:in `call'
  actionpack (4.2.4) lib/action_dispatch/middleware/static.rb:116:in `call'
  rack (1.6.4) lib/rack/sendfile.rb:113:in `call'
  railties (4.2.4) lib/rails/engine.rb:518:in `call'
  railties (4.2.4) lib/rails/application.rb:165:in `call'
  rack (1.6.4) lib/rack/lock.rb:17:in `call'
  rack (1.6.4) lib/rack/content_length.rb:15:in `call'
  rack (1.6.4) lib/rack/handler/webrick.rb:88:in `service'
  /home/sonomar/.rbenv/versions/2.2.1/lib/ruby/2.2.0/webrick/httpserver.rb:138:in `service'
  /home/sonomar/.rbenv/versions/2.2.1/lib/ruby/2.2.0/webrick/httpserver.rb:94:in `run'
  /home/sonomar/.rbenv/versions/2.2.1/lib/ruby/2.2.0/webrick/server.rb:294:in `block in start_thread'


  Rendered /home/sonomar/.rbenv/versions/2.2.1/lib/ruby/gems/2.2.0/gems/actionpack-4.2.4/lib/action_dispatch/middleware/templates/rescues/_trace.html.erb (2.4ms)
  Rendered /home/sonomar/.rbenv/versions/2.2.1/lib/ruby/gems/2.2.0/gems/actionpack-4.2.4/lib/action_dispatch/middleware/templates/routes/_route.html.erb (0.7ms)
  Rendered /home/sonomar/.rbenv/versions/2.2.1/lib/ruby/gems/2.2.0/gems/actionpack-4.2.4/lib/action_dispatch/middleware/templates/routes/_table.html.erb (1.1ms)
  Rendered /home/sonomar/.rbenv/versions/2.2.1/lib/ruby/gems/2.2.0/gems/actionpack-4.2.4/lib/action_dispatch/middleware/templates/rescues/_request_and_response.html.erb (1.1ms)
  Rendered /home/sonomar/.rbenv/versions/2.2.1/lib/ruby/gems/2.2.0/gems/actionpack-4.2.4/lib/action_dispatch/middleware/templates/rescues/routing_error.html.erb within rescues/layout (20.8ms)
  Rendered /home/sonomar/.rbenv/versions/2.2.1/lib/ruby/gems/2.2.0/gems/web-console-2.2.1/lib/web_console/templates/_markup.html.erb (0.3ms)
  Rendered /home/sonomar/.rbenv/versions/2.2.1/lib/ruby/gems/2.2.0/gems/web-console-2.2.1/lib/web_console/templates/_inner_console_markup.html.erb within layouts/inlined_string (0.3ms)
  Rendered /home/sonomar/.rbenv/versions/2.2.1/lib/ruby/gems/2.2.0/gems/web-console-2.2.1/lib/web_console/templates/_prompt_box_markup.html.erb within layouts/inlined_string (0.2ms)
  Rendered /home/sonomar/.rbenv/versions/2.2.1/lib/ruby/gems/2.2.0/gems/web-console-2.2.1/lib/web_console/templates/style.css.erb within layouts/inlined_string (0.2ms)
  Rendered /home/sonomar/.rbenv/versions/2.2.1/lib/ruby/gems/2.2.0/gems/web-console-2.2.1/lib/web_console/templates/console.js.erb within layouts/javascript (14.7ms)
  Rendered /home/sonomar/.rbenv/versions/2.2.1/lib/ruby/gems/2.2.0/gems/web-console-2.2.1/lib/web_console/templates/main.js.erb within layouts/javascript (0.2ms)
  Rendered /home/sonomar/.rbenv/versions/2.2.1/lib/ruby/gems/2.2.0/gems/web-console-2.2.1/lib/web_console/templates/error_page.js.erb within layouts/javascript (0.3ms)
  Rendered /home/sonomar/.rbenv/versions/2.2.1/lib/ruby/gems/2.2.0/gems/web-console-2.2.1/lib/web_console/templates/index.html.erb (28.4ms)


Started GET "/" for 127.0.0.1 at 2016-01-19 19:50:16 -0500

ActionController::RoutingError (uninitialized constant HomeController):
  activesupport (4.2.4) lib/active_support/inflector/methods.rb:261:in `const_get'
  activesupport (4.2.4) lib/active_support/inflector/methods.rb:261:in `block in constantize'
  activesupport (4.2.4) lib/active_support/inflector/methods.rb:259:in `each'
  activesupport (4.2.4) lib/active_support/inflector/methods.rb:259:in `inject'
  activesupport (4.2.4) lib/active_support/inflector/methods.rb:259:in `constantize'
  actionpack (4.2.4) lib/action_dispatch/routing/route_set.rb:72:in `controller_reference'
  actionpack (4.2.4) lib/action_dispatch/routing/route_set.rb:62:in `controller'
  actionpack (4.2.4) lib/action_dispatch/routing/route_set.rb:41:in `serve'
  actionpack (4.2.4) lib/action_dispatch/journey/router.rb:43:in `block in serve'
  actionpack (4.2.4) lib/action_dispatch/journey/router.rb:30:in `each'
  actionpack (4.2.4) lib/action_dispatch/journey/router.rb:30:in `serve'
  actionpack (4.2.4) lib/action_dispatch/routing/route_set.rb:821:in `call'
  rack (1.6.4) lib/rack/etag.rb:24:in `call'
  rack (1.6.4) lib/rack/conditionalget.rb:25:in `call'
  rack (1.6.4) lib/rack/head.rb:13:in `call'
  actionpack (4.2.4) lib/action_dispatch/middleware/params_parser.rb:27:in `call'
  actionpack (4.2.4) lib/action_dispatch/middleware/flash.rb:260:in `call'
  rack (1.6.4) lib/rack/session/abstract/id.rb:225:in `context'
  rack (1.6.4) lib/rack/session/abstract/id.rb:220:in `call'
  actionpack (4.2.4) lib/action_dispatch/middleware/cookies.rb:560:in `call'
  activerecord (4.2.4) lib/active_record/query_cache.rb:36:in `call'
  activerecord (4.2.4) lib/active_record/connection_adapters/abstract/connection_pool.rb:653:in `call'
  activerecord (4.2.4) lib/active_record/migration.rb:377:in `call'
  actionpack (4.2.4) lib/action_dispatch/middleware/callbacks.rb:29:in `block in call'
  activesupport (4.2.4) lib/active_support/callbacks.rb:88:in `__run_callbacks__'
  activesupport (4.2.4) lib/active_support/callbacks.rb:778:in `_run_call_callbacks'
  activesupport (4.2.4) lib/active_support/callbacks.rb:81:in `run_callbacks'
  actionpack (4.2.4) lib/action_dispatch/middleware/callbacks.rb:27:in `call'
  actionpack (4.2.4) lib/action_dispatch/middleware/reloader.rb:73:in `call'
  actionpack (4.2.4) lib/action_dispatch/middleware/remote_ip.rb:78:in `call'
  actionpack (4.2.4) lib/action_dispatch/middleware/debug_exceptions.rb:17:in `call'
  web-console (2.2.1) lib/web_console/middleware.rb:39:in `call'
  actionpack (4.2.4) lib/action_dispatch/middleware/show_exceptions.rb:30:in `call'
  railties (4.2.4) lib/rails/rack/logger.rb:38:in `call_app'
  railties (4.2.4) lib/rails/rack/logger.rb:20:in `block in call'
  activesupport (4.2.4) lib/active_support/tagged_logging.rb:68:in `block in tagged'
  activesupport (4.2.4) lib/active_support/tagged_logging.rb:26:in `tagged'
  activesupport (4.2.4) lib/active_support/tagged_logging.rb:68:in `tagged'
  railties (4.2.4) lib/rails/rack/logger.rb:20:in `call'
  actionpack (4.2.4) lib/action_dispatch/middleware/request_id.rb:21:in `call'
  rack (1.6.4) lib/rack/methodoverride.rb:22:in `call'
  rack (1.6.4) lib/rack/runtime.rb:18:in `call'
  activesupport (4.2.4) lib/active_support/cache/strategy/local_cache_middleware.rb:28:in `call'
  rack (1.6.4) lib/rack/lock.rb:17:in `call'
  actionpack (4.2.4) lib/action_dispatch/middleware/static.rb:116:in `call'
  rack (1.6.4) lib/rack/sendfile.rb:113:in `call'
  railties (4.2.4) lib/rails/engine.rb:518:in `call'
  railties (4.2.4) lib/rails/application.rb:165:in `call'
  rack (1.6.4) lib/rack/lock.rb:17:in `call'
  rack (1.6.4) lib/rack/content_length.rb:15:in `call'
  rack (1.6.4) lib/rack/handler/webrick.rb:88:in `service'
  /home/sonomar/.rbenv/versions/2.2.1/lib/ruby/2.2.0/webrick/httpserver.rb:138:in `service'
  /home/sonomar/.rbenv/versions/2.2.1/lib/ruby/2.2.0/webrick/httpserver.rb:94:in `run'
  /home/sonomar/.rbenv/versions/2.2.1/lib/ruby/2.2.0/webrick/server.rb:294:in `block in start_thread'


  Rendered /home/sonomar/.rbenv/versions/2.2.1/lib/ruby/gems/2.2.0/gems/actionpack-4.2.4/lib/action_dispatch/middleware/templates/rescues/_trace.html.erb (1.6ms)
  Rendered /home/sonomar/.rbenv/versions/2.2.1/lib/ruby/gems/2.2.0/gems/actionpack-4.2.4/lib/action_dispatch/middleware/templates/routes/_route.html.erb (0.6ms)
  Rendered /home/sonomar/.rbenv/versions/2.2.1/lib/ruby/gems/2.2.0/gems/actionpack-4.2.4/lib/action_dispatch/middleware/templates/routes/_table.html.erb (6.3ms)
  Rendered /home/sonomar/.rbenv/versions/2.2.1/lib/ruby/gems/2.2.0/gems/actionpack-4.2.4/lib/action_dispatch/middleware/templates/rescues/_request_and_response.html.erb (9.1ms)
  Rendered /home/sonomar/.rbenv/versions/2.2.1/lib/ruby/gems/2.2.0/gems/actionpack-4.2.4/lib/action_dispatch/middleware/templates/rescues/routing_error.html.erb within rescues/layout (37.2ms)
  Rendered /home/sonomar/.rbenv/versions/2.2.1/lib/ruby/gems/2.2.0/gems/web-console-2.2.1/lib/web_console/templates/_markup.html.erb (0.2ms)
  Rendered /home/sonomar/.rbenv/versions/2.2.1/lib/ruby/gems/2.2.0/gems/web-console-2.2.1/lib/web_console/templates/_inner_console_markup.html.erb within layouts/inlined_string (0.4ms)
  Rendered /home/sonomar/.rbenv/versions/2.2.1/lib/ruby/gems/2.2.0/gems/web-console-2.2.1/lib/web_console/templates/_prompt_box_markup.html.erb within layouts/inlined_string (0.3ms)
  Rendered /home/sonomar/.rbenv/versions/2.2.1/lib/ruby/gems/2.2.0/gems/web-console-2.2.1/lib/web_console/templates/style.css.erb within layouts/inlined_string (0.2ms)
  Rendered /home/sonomar/.rbenv/versions/2.2.1/lib/ruby/gems/2.2.0/gems/web-console-2.2.1/lib/web_console/templates/console.js.erb within layouts/javascript (15.3ms)
  Rendered /home/sonomar/.rbenv/versions/2.2.1/lib/ruby/gems/2.2.0/gems/web-console-2.2.1/lib/web_console/templates/main.js.erb within layouts/javascript (0.3ms)
  Rendered /home/sonomar/.rbenv/versions/2.2.1/lib/ruby/gems/2.2.0/gems/web-console-2.2.1/lib/web_console/templates/error_page.js.erb within layouts/javascript (0.3ms)
  Rendered /home/sonomar/.rbenv/versions/2.2.1/lib/ruby/gems/2.2.0/gems/web-console-2.2.1/lib/web_console/templates/index.html.erb (30.0ms)


Started GET "/" for 127.0.0.1 at 2016-01-19 19:51:27 -0500

ActionController::RoutingError (uninitialized constant ApplicationController::Base):
  app/controllers/home_controller.rb:1:in `<top (required)>'


  Rendered /home/sonomar/.rbenv/versions/2.2.1/lib/ruby/gems/2.2.0/gems/actionpack-4.2.4/lib/action_dispatch/middleware/templates/rescues/_trace.html.erb (1.9ms)
  Rendered /home/sonomar/.rbenv/versions/2.2.1/lib/ruby/gems/2.2.0/gems/actionpack-4.2.4/lib/action_dispatch/middleware/templates/routes/_route.html.erb (0.6ms)
  Rendered /home/sonomar/.rbenv/versions/2.2.1/lib/ruby/gems/2.2.0/gems/actionpack-4.2.4/lib/action_dispatch/middleware/templates/routes/_table.html.erb (6.8ms)
  Rendered /home/sonomar/.rbenv/versions/2.2.1/lib/ruby/gems/2.2.0/gems/actionpack-4.2.4/lib/action_dispatch/middleware/templates/rescues/_request_and_response.html.erb (8.4ms)
  Rendered /home/sonomar/.rbenv/versions/2.2.1/lib/ruby/gems/2.2.0/gems/actionpack-4.2.4/lib/action_dispatch/middleware/templates/rescues/routing_error.html.erb within rescues/layout (37.8ms)
  Rendered /home/sonomar/.rbenv/versions/2.2.1/lib/ruby/gems/2.2.0/gems/web-console-2.2.1/lib/web_console/templates/_markup.html.erb (0.3ms)
  Rendered /home/sonomar/.rbenv/versions/2.2.1/lib/ruby/gems/2.2.0/gems/web-console-2.2.1/lib/web_console/templates/_inner_console_markup.html.erb within layouts/inlined_string (0.3ms)
  Rendered /home/sonomar/.rbenv/versions/2.2.1/lib/ruby/gems/2.2.0/gems/web-console-2.2.1/lib/web_console/templates/_prompt_box_markup.html.erb within layouts/inlined_string (0.3ms)
  Rendered /home/sonomar/.rbenv/versions/2.2.1/lib/ruby/gems/2.2.0/gems/web-console-2.2.1/lib/web_console/templates/style.css.erb within layouts/inlined_string (0.4ms)
  Rendered /home/sonomar/.rbenv/versions/2.2.1/lib/ruby/gems/2.2.0/gems/web-console-2.2.1/lib/web_console/templates/console.js.erb within layouts/javascript (17.2ms)
  Rendered /home/sonomar/.rbenv/versions/2.2.1/lib/ruby/gems/2.2.0/gems/web-console-2.2.1/lib/web_console/templates/main.js.erb within layouts/javascript (0.2ms)
  Rendered /home/sonomar/.rbenv/versions/2.2.1/lib/ruby/gems/2.2.0/gems/web-console-2.2.1/lib/web_console/templates/error_page.js.erb within layouts/javascript (0.4ms)
  Rendered /home/sonomar/.rbenv/versions/2.2.1/lib/ruby/gems/2.2.0/gems/web-console-2.2.1/lib/web_console/templates/index.html.erb (32.2ms)


Started GET "/" for 127.0.0.1 at 2016-01-19 19:51:54 -0500

TypeError (superclass must be a Class (Module given)):
  app/controllers/application_controller.rb:1:in `<top (required)>'
  app/controllers/home_controller.rb:1:in `<top (required)>'


  Rendered /home/sonomar/.rbenv/versions/2.2.1/lib/ruby/gems/2.2.0/gems/actionpack-4.2.4/lib/action_dispatch/middleware/templates/rescues/_source.erb (5.1ms)
  Rendered /home/sonomar/.rbenv/versions/2.2.1/lib/ruby/gems/2.2.0/gems/actionpack-4.2.4/lib/action_dispatch/middleware/templates/rescues/_trace.html.erb (2.0ms)
  Rendered /home/sonomar/.rbenv/versions/2.2.1/lib/ruby/gems/2.2.0/gems/actionpack-4.2.4/lib/action_dispatch/middleware/templates/rescues/_request_and_response.html.erb (15.4ms)
  Rendered /home/sonomar/.rbenv/versions/2.2.1/lib/ruby/gems/2.2.0/gems/actionpack-4.2.4/lib/action_dispatch/middleware/templates/rescues/diagnostics.html.erb within rescues/layout (39.7ms)
  Rendered /home/sonomar/.rbenv/versions/2.2.1/lib/ruby/gems/2.2.0/gems/web-console-2.2.1/lib/web_console/templates/_markup.html.erb (0.4ms)
  Rendered /home/sonomar/.rbenv/versions/2.2.1/lib/ruby/gems/2.2.0/gems/web-console-2.2.1/lib/web_console/templates/_inner_console_markup.html.erb within layouts/inlined_string (0.2ms)
  Rendered /home/sonomar/.rbenv/versions/2.2.1/lib/ruby/gems/2.2.0/gems/web-console-2.2.1/lib/web_console/templates/_prompt_box_markup.html.erb within layouts/inlined_string (0.2ms)
  Rendered /home/sonomar/.rbenv/versions/2.2.1/lib/ruby/gems/2.2.0/gems/web-console-2.2.1/lib/web_console/templates/style.css.erb within layouts/inlined_string (0.3ms)
  Rendered /home/sonomar/.rbenv/versions/2.2.1/lib/ruby/gems/2.2.0/gems/web-console-2.2.1/lib/web_console/templates/console.js.erb within layouts/javascript (13.7ms)
  Rendered /home/sonomar/.rbenv/versions/2.2.1/lib/ruby/gems/2.2.0/gems/web-console-2.2.1/lib/web_console/templates/main.js.erb within layouts/javascript (0.4ms)
  Rendered /home/sonomar/.rbenv/versions/2.2.1/lib/ruby/gems/2.2.0/gems/web-console-2.2.1/lib/web_console/templates/error_page.js.erb within layouts/javascript (0.4ms)
  Rendered /home/sonomar/.rbenv/versions/2.2.1/lib/ruby/gems/2.2.0/gems/web-console-2.2.1/lib/web_console/templates/index.html.erb (30.9ms)


Started GET "/" for 127.0.0.1 at 2016-01-19 19:52:35 -0500
Processing by HomeController#index as HTML
  Rendered home/index.html.erb within layouts/application (1.0ms)
Completed 200 OK in 3428ms (Views: 3412.8ms | ActiveRecord: 0.0ms)


Started GET "/assets/application.self-c42fa8e90736b2de73ad888bceb8d12cca4b16d7dfa4482caa0a5fd933098302.css?body=1" for 127.0.0.1 at 2016-01-19 19:52:39 -0500


Started GET "/assets/jquery/dist/jquery.self-977e28a4e7fded7698789e394a585c6339d54c0ad1537f498a40d2800098a521.js?body=1" for 127.0.0.1 at 2016-01-19 19:52:39 -0500


Started GET "/assets/jquery_ujs.self-d602bdfe68ffc63b9f9cc512872aa3cfff046228a0a36e90dd476e8ef54c1b09.js?body=1" for 127.0.0.1 at 2016-01-19 19:52:39 -0500


Started GET "/assets/angular/angular.self-d7c642a2239d433e219a2df47d65f3290d6ec49b679e42a3c8e8099a4a86d8f0.js?body=1" for 127.0.0.1 at 2016-01-19 19:52:39 -0500


Started GET "/assets/app.self-dc7488c70f602375ad978dd92f89fe8fa8db4eb411d30f96328844adff9df2ea.js?body=1" for 127.0.0.1 at 2016-01-19 19:52:39 -0500


Started GET "/assets/application.self-3b8dabdc891efe46b9a144b400ad69e37d7e5876bdc39dee783419a69d7ca819.js?body=1" for 127.0.0.1 at 2016-01-19 19:52:39 -0500


Started GET "/" for 127.0.0.1 at 2016-01-19 19:52:43 -0500
Processing by HomeController#index as HTML
  Rendered home/index.html.erb within layouts/application (0.1ms)
Completed 200 OK in 31ms (Views: 30.2ms | ActiveRecord: 0.0ms)
